Using pre-set license
Built from '2021.3/staging' branch; Version is '2021.3.19f1 (c9714fde33b6) revision 13201743'; Using compiler version '192829333'; Build Type 'Release'
OS: 'Windows 10  (10.0.19045) 64bit Professional' Language: 'pl' Physical Memory: 16335 MB
BatchMode: 1, IsHumanControllingUs: 0, StartBugReporterOnCrash: 0, Is64bit: 1, IsPro: 1

COMMAND LINE ARGUMENTS:
E:\Programy\Unity Builds\2021.3.19f1\Editor\Unity.exe
-adb2
-batchMode
-noUpm
-name
AssetImportWorker0
-projectPath
E:/Inzynierka_v1/UnityMulti/Client
-logFile
Logs/AssetImportWorker0.log
-srvPort
57914
Successfully changed project path to: E:/Inzynierka_v1/UnityMulti/Client
E:/Inzynierka_v1/UnityMulti/Client
[UnityMemory] Configuration Parameters - Can be set up in boot.config
    "memorysetup-bucket-allocator-granularity=16"
    "memorysetup-bucket-allocator-bucket-count=8"
    "memorysetup-bucket-allocator-block-size=33554432"
    "memorysetup-bucket-allocator-block-count=8"
    "memorysetup-main-allocator-block-size=16777216"
    "memorysetup-thread-allocator-block-size=16777216"
    "memorysetup-gfx-main-allocator-block-size=16777216"
    "memorysetup-gfx-thread-allocator-block-size=16777216"
    "memorysetup-cache-allocator-block-size=4194304"
    "memorysetup-typetree-allocator-block-size=2097152"
    "memorysetup-profiler-bucket-allocator-granularity=16"
    "memorysetup-profiler-bucket-allocator-bucket-count=8"
    "memorysetup-profiler-bucket-allocator-block-size=33554432"
    "memorysetup-profiler-bucket-allocator-block-count=8"
    "memorysetup-profiler-allocator-block-size=16777216"
    "memorysetup-profiler-editor-allocator-block-size=1048576"
    "memorysetup-temp-allocator-size-main=16777216"
    "memorysetup-job-temp-allocator-block-size=2097152"
    "memorysetup-job-temp-allocator-block-size-background=1048576"
    "memorysetup-job-temp-allocator-reduction-small-platforms=262144"
    "memorysetup-temp-allocator-size-background-worker=32768"
    "memorysetup-temp-allocator-size-job-worker=262144"
    "memorysetup-temp-allocator-size-preload-manager=33554432"
    "memorysetup-temp-allocator-size-nav-mesh-worker=65536"
    "memorysetup-temp-allocator-size-audio-worker=65536"
    "memorysetup-temp-allocator-size-cloud-worker=32768"
    "memorysetup-temp-allocator-size-gi-baking-worker=262144"
    "memorysetup-temp-allocator-size-gfx=262144"
Player connection [9476] Host "[IP] 192.168.0.12 [Port] 0 [Flags] 2 [Guid] 1033909611 [EditorId] 1033909611 [Version] 1048832 [Id] WindowsEditor(7,DESKTOP-R6PSRI6) [Debug] 1 [PackageName] WindowsEditor [ProjectName] Editor" joined multi-casting on [225.0.0.222:54997]...

Player connection [9476] Host "[IP] 192.168.0.12 [Port] 0 [Flags] 2 [Guid] 1033909611 [EditorId] 1033909611 [Version] 1048832 [Id] WindowsEditor(7,DESKTOP-R6PSRI6) [Debug] 1 [PackageName] WindowsEditor [ProjectName] Editor" joined alternative multi-casting on [225.0.0.222:34997]...

Refreshing native plugins compatible for Editor in 87.18 ms, found 3 plugins.
Preloading 0 native plugins for Editor in 0.00 ms.
Initialize engine version: 2021.3.19f1 (c9714fde33b6)
[Subsystems] Discovering subsystems at path E:/Programy/Unity Builds/2021.3.19f1/Editor/Data/Resources/UnitySubsystems
[Subsystems] Discovering subsystems at path E:/Inzynierka_v1/UnityMulti/Client/Assets
GfxDevice: creating device client; threaded=0; jobified=0
Direct3D:
    Version:  Direct3D 11.0 [level 11.1]
    Renderer: Radeon RX 580 Series (ID=0x67df)
    Vendor:   ATI
    VRAM:     8170 MB
    Driver:   31.0.14033.1012
Initialize mono
Mono path[0] = 'E:/Programy/Unity Builds/2021.3.19f1/Editor/Data/Managed'
Mono path[1] = 'E:/Programy/Unity Builds/2021.3.19f1/Editor/Data/MonoBleedingEdge/lib/mono/unityjit-win32'
Mono config path = 'E:/Programy/Unity Builds/2021.3.19f1/Editor/Data/MonoBleedingEdge/etc'
Using monoOptions --debugger-agent=transport=dt_socket,embedding=1,server=y,suspend=n,address=127.0.0.1:56004
Begin MonoManager ReloadAssembly
Registering precompiled unity dll's ...
Register platform support module: E:/Programy/Unity Builds/2021.3.19f1/Editor/Data/PlaybackEngines/WindowsStandaloneSupport/UnityEditor.WindowsStandalone.Extensions.dll
Registered in 0.003391 seconds.
Native extension for WindowsStandalone target not found
Refreshing native plugins compatible for Editor in 82.53 ms, found 3 plugins.
Preloading 0 native plugins for Editor in 0.00 ms.
Mono: successfully reloaded assembly
- Completed reload, in  0.704 seconds
Domain Reload Profiling:
	ReloadAssembly (704ms)
		BeginReloadAssembly (78ms)
			ExecutionOrderSort (0ms)
			DisableScriptedObjects (0ms)
			BackupInstance (0ms)
			ReleaseScriptingObjects (0ms)
			CreateAndSetChildDomain (1ms)
		EndReloadAssembly (507ms)
			LoadAssemblies (77ms)
			RebuildTransferFunctionScriptingTraits (0ms)
			SetupTypeCache (113ms)
			ReleaseScriptCaches (0ms)
			RebuildScriptCaches (30ms)
			SetupLoadedEditorAssemblies (309ms)
				LogAssemblyErrors (0ms)
				InitializePlatformSupportModulesInManaged (7ms)
				SetLoadedEditorAssemblies (0ms)
				RefreshPlugins (83ms)
				BeforeProcessingInitializeOnLoad (2ms)
				ProcessInitializeOnLoadAttributes (164ms)
				ProcessInitializeOnLoadMethodAttributes (53ms)
				AfterProcessingInitializeOnLoad (0ms)
				EditorAssembliesLoaded (0ms)
			ExecutionOrderSort2 (0ms)
			AwakeInstancesAfterBackupRestoration (0ms)
Platform modules already initialized, skipping
Registering precompiled user dll's ...
Registered in 0.005262 seconds.
Begin MonoManager ReloadAssembly
Symbol file LoadedFromMemory doesn't match image E:\Inzynierka_v1\UnityMulti\Client\Library\PackageCache\com.unity.visualscripting@1.8.0\Editor\VisualScripting.Core\Dependencies\YamlDotNet\Unity.VisualScripting.YamlDotNet.dll
Symbol file LoadedFromMemory doesn't match image E:\Inzynierka_v1\UnityMulti\Client\Library\PackageCache\com.unity.visualscripting@1.8.0\Editor\VisualScripting.Core\Dependencies\DotNetZip\Unity.VisualScripting.IonicZip.dll
Native extension for WindowsStandalone target not found
Refreshing native plugins compatible for Editor in 0.77 ms, found 3 plugins.
Preloading 0 native plugins for Editor in 0.00 ms.
Mono: successfully reloaded assembly
- Completed reload, in  1.162 seconds
Domain Reload Profiling:
	ReloadAssembly (1163ms)
		BeginReloadAssembly (131ms)
			ExecutionOrderSort (0ms)
			DisableScriptedObjects (7ms)
			BackupInstance (0ms)
			ReleaseScriptingObjects (0ms)
			CreateAndSetChildDomain (23ms)
		EndReloadAssembly (876ms)
			LoadAssemblies (90ms)
			RebuildTransferFunctionScriptingTraits (0ms)
			SetupTypeCache (303ms)
			ReleaseScriptCaches (1ms)
			RebuildScriptCaches (64ms)
			SetupLoadedEditorAssemblies (377ms)
				LogAssemblyErrors (0ms)
				InitializePlatformSupportModulesInManaged (6ms)
				SetLoadedEditorAssemblies (1ms)
				RefreshPlugins (1ms)
				BeforeProcessingInitializeOnLoad (83ms)
				ProcessInitializeOnLoadAttributes (260ms)
				ProcessInitializeOnLoadMethodAttributes (22ms)
				AfterProcessingInitializeOnLoad (4ms)
				EditorAssembliesLoaded (0ms)
			ExecutionOrderSort2 (0ms)
			AwakeInstancesAfterBackupRestoration (7ms)
Platform modules already initialized, skipping
========================================================================
Worker process is ready to serve import requests
Launched and connected shader compiler UnityShaderCompiler.exe after 0.05 seconds
Refreshing native plugins compatible for Editor in 0.70 ms, found 3 plugins.
Preloading 0 native plugins for Editor in 0.00 ms.
Unloading 3059 Unused Serialized files (Serialized files now loaded: 0)
Unloading 26 unused Assets / (113.8 KB). Loaded Objects now: 3517.
Memory consumption went from 107.9 MB to 107.8 MB.
Total: 3.722700 ms (FindLiveObjects: 0.304500 ms CreateObjectMapping: 0.080800 ms MarkObjects: 3.210100 ms  DeleteObjects: 0.125900 ms)

AssetImportParameters requested are different than current active one (requested -> active):
  custom:video-decoder-ogg-theora: a1e56fd34408186e4bbccfd4996cb3dc -> 
  custom:container-muxer-webm: aa71ff27fc2769a1b78a27578f13a17b -> 
  custom:container-demuxer-webm: 4f35f7cbe854078d1ac9338744f61a02 -> 
  custom:video-encoder-webm-vp8: eb34c28f22e8b96e1ab97ce403110664 -> 
  custom:audio-encoder-webm-vorbis: bf7c407c2cedff20999df2af8eb42d56 -> 
  custom:framework-win-MediaFoundation: 216162199b28c13a410421893ffa2e32 -> 
  custom:container-demuxer-ogg: 62fdf1f143b41e24485cea50d1cbac27 -> 
  custom:video-decoder-webm-vp8: 9c59270c3fd7afecdb556c50c9e8de78 -> 
  custom:audio-decoder-ogg-vorbis: bf7c407c2cedff20999df2af8eb42d56 -> 
========================================================================
Received Import Request.
  Time since last request: 148466.599921 seconds.
  path: Assets/UnityMulti/Scripts/UnityMultiNetworkingCallbacks.cs
  artifactKey: Guid(7acf327f9442db7438b8b44c901f6973) Importer(815301076,1909f56bfc062723c751e8b465ee728b)
Start importing Assets/UnityMulti/Scripts/UnityMultiNetworkingCallbacks.cs using Guid(7acf327f9442db7438b8b44c901f6973) Importer(815301076,1909f56bfc062723c751e8b465ee728b)  -> (artifact id: '777a6636fa6a6cf5de39bb1373143611') in 0.050708 seconds 
========================================================================
Received Import Request.
  Time since last request: 194.305250 seconds.
  path: Assets/UnityMulti/Scripts/UnityMultiNetworkingCallbacks.cs
  artifactKey: Guid(7acf327f9442db7438b8b44c901f6973) Importer(815301076,1909f56bfc062723c751e8b465ee728b)
Start importing Assets/UnityMulti/Scripts/UnityMultiNetworkingCallbacks.cs using Guid(7acf327f9442db7438b8b44c901f6973) Importer(815301076,1909f56bfc062723c751e8b465ee728b)  -> (artifact id: 'fabb3c31d1354da38e456a04a0c6e894') in 0.002466 seconds 
========================================================================
Received Import Request.
  Time since last request: 5.810967 seconds.
  path: Assets/UnityMulti/Scripts/UnityMultiNetworkingCallbacks.cs
  artifactKey: Guid(7acf327f9442db7438b8b44c901f6973) Importer(815301076,1909f56bfc062723c751e8b465ee728b)
Start importing Assets/UnityMulti/Scripts/UnityMultiNetworkingCallbacks.cs using Guid(7acf327f9442db7438b8b44c901f6973) Importer(815301076,1909f56bfc062723c751e8b465ee728b)  -> (artifact id: 'b3f32b8358babe1b599910236f7e5bf9') in 0.001774 seconds 
========================================================================
Received Import Request.
  Time since last request: 4.816255 seconds.
  path: Assets/UnityMulti/Scripts/UnityMultiNetworkingCallbacks.cs
  artifactKey: Guid(7acf327f9442db7438b8b44c901f6973) Importer(815301076,1909f56bfc062723c751e8b465ee728b)
Start importing Assets/UnityMulti/Scripts/UnityMultiNetworkingCallbacks.cs using Guid(7acf327f9442db7438b8b44c901f6973) Importer(815301076,1909f56bfc062723c751e8b465ee728b)  -> (artifact id: 'ecb41228fa738dcaa90dda58ede9b3d8') in 0.001947 seconds 
========================================================================
Received Import Request.
  Time since last request: 4.331257 seconds.
  path: Assets/UnityMulti/Scripts/UnityMultiNetworkingCallbacks.cs
  artifactKey: Guid(7acf327f9442db7438b8b44c901f6973) Importer(815301076,1909f56bfc062723c751e8b465ee728b)
Start importing Assets/UnityMulti/Scripts/UnityMultiNetworkingCallbacks.cs using Guid(7acf327f9442db7438b8b44c901f6973) Importer(815301076,1909f56bfc062723c751e8b465ee728b)  -> (artifact id: '06dca4d4ee36f3d72fddc2e236385567') in 0.001944 seconds 
========================================================================
Received Import Request.
  Time since last request: 8.502325 seconds.
  path: Assets/UnityMulti/Scripts/UnityMultiNetworkingCallbacks.cs
  artifactKey: Guid(7acf327f9442db7438b8b44c901f6973) Importer(815301076,1909f56bfc062723c751e8b465ee728b)
Start importing Assets/UnityMulti/Scripts/UnityMultiNetworkingCallbacks.cs using Guid(7acf327f9442db7438b8b44c901f6973) Importer(815301076,1909f56bfc062723c751e8b465ee728b)  -> (artifact id: 'e34fdf1471568807c079eacc128206ae') in 0.001909 seconds 
========================================================================
Received Import Request.
  Time since last request: 54.829556 seconds.
  path: Assets/UnityMulti/Scripts/UnityMultiNetworkingCallbacks.cs
  artifactKey: Guid(7acf327f9442db7438b8b44c901f6973) Importer(815301076,1909f56bfc062723c751e8b465ee728b)
Start importing Assets/UnityMulti/Scripts/UnityMultiNetworkingCallbacks.cs using Guid(7acf327f9442db7438b8b44c901f6973) Importer(815301076,1909f56bfc062723c751e8b465ee728b)  -> (artifact id: '6ac4970eaa052ef23b8dbbe8f3ddb7fd') in 0.002178 seconds 
========================================================================
Received Prepare
Registering precompiled user dll's ...
Registered in 0.005033 seconds.
Begin MonoManager ReloadAssembly
Symbol file LoadedFromMemory doesn't match image E:\Inzynierka_v1\UnityMulti\Client\Library\PackageCache\com.unity.visualscripting@1.8.0\Editor\VisualScripting.Core\Dependencies\YamlDotNet\Unity.VisualScripting.YamlDotNet.dll
Symbol file LoadedFromMemory doesn't match image E:\Inzynierka_v1\UnityMulti\Client\Library\PackageCache\com.unity.visualscripting@1.8.0\Editor\VisualScripting.Core\Dependencies\DotNetZip\Unity.VisualScripting.IonicZip.dll
Native extension for WindowsStandalone target not found
Refreshing native plugins compatible for Editor in 0.53 ms, found 3 plugins.
Preloading 0 native plugins for Editor in 0.00 ms.
Mono: successfully reloaded assembly
- Completed reload, in  1.036 seconds
Domain Reload Profiling:
	ReloadAssembly (1037ms)
		BeginReloadAssembly (138ms)
			ExecutionOrderSort (0ms)
			DisableScriptedObjects (7ms)
			BackupInstance (0ms)
			ReleaseScriptingObjects (0ms)
			CreateAndSetChildDomain (34ms)
		EndReloadAssembly (796ms)
			LoadAssemblies (85ms)
			RebuildTransferFunctionScriptingTraits (0ms)
			SetupTypeCache (300ms)
			ReleaseScriptCaches (1ms)
			RebuildScriptCaches (51ms)
			SetupLoadedEditorAssemblies (317ms)
				LogAssemblyErrors (0ms)
				InitializePlatformSupportModulesInManaged (13ms)
				SetLoadedEditorAssemblies (1ms)
				RefreshPlugins (1ms)
				BeforeProcessingInitializeOnLoad (59ms)
				ProcessInitializeOnLoadAttributes (220ms)
				ProcessInitializeOnLoadMethodAttributes (21ms)
				AfterProcessingInitializeOnLoad (4ms)
				EditorAssembliesLoaded (0ms)
			ExecutionOrderSort2 (0ms)
			AwakeInstancesAfterBackupRestoration (7ms)
Platform modules already initialized, skipping
Refreshing native plugins compatible for Editor in 1.60 ms, found 3 plugins.
Preloading 0 native plugins for Editor in 0.00 ms.
Unloading 3054 Unused Serialized files (Serialized files now loaded: 0)
Unloading 19 unused Assets / (80.1 KB). Loaded Objects now: 3520.
Memory consumption went from 107.8 MB to 107.7 MB.
Total: 2.976700 ms (FindLiveObjects: 0.248000 ms CreateObjectMapping: 0.072700 ms MarkObjects: 2.564700 ms  DeleteObjects: 0.090100 ms)

AssetImportParameters requested are different than current active one (requested -> active):
  custom:video-decoder-ogg-theora: a1e56fd34408186e4bbccfd4996cb3dc -> 
  custom:container-muxer-webm: aa71ff27fc2769a1b78a27578f13a17b -> 
  custom:container-demuxer-webm: 4f35f7cbe854078d1ac9338744f61a02 -> 
  custom:video-encoder-webm-vp8: eb34c28f22e8b96e1ab97ce403110664 -> 
  custom:audio-encoder-webm-vorbis: bf7c407c2cedff20999df2af8eb42d56 -> 
  custom:framework-win-MediaFoundation: 216162199b28c13a410421893ffa2e32 -> 
  custom:container-demuxer-ogg: 62fdf1f143b41e24485cea50d1cbac27 -> 
  custom:video-decoder-webm-vp8: 9c59270c3fd7afecdb556c50c9e8de78 -> 
  custom:audio-decoder-ogg-vorbis: bf7c407c2cedff20999df2af8eb42d56 -> 
========================================================================
Received Prepare
Registering precompiled user dll's ...
Registered in 0.004905 seconds.
Begin MonoManager ReloadAssembly
Symbol file LoadedFromMemory doesn't match image E:\Inzynierka_v1\UnityMulti\Client\Library\PackageCache\com.unity.visualscripting@1.8.0\Editor\VisualScripting.Core\Dependencies\YamlDotNet\Unity.VisualScripting.YamlDotNet.dll
Symbol file LoadedFromMemory doesn't match image E:\Inzynierka_v1\UnityMulti\Client\Library\PackageCache\com.unity.visualscripting@1.8.0\Editor\VisualScripting.Core\Dependencies\DotNetZip\Unity.VisualScripting.IonicZip.dll
Native extension for WindowsStandalone target not found
Refreshing native plugins compatible for Editor in 0.55 ms, found 3 plugins.
Preloading 0 native plugins for Editor in 0.00 ms.
Mono: successfully reloaded assembly
- Completed reload, in  1.056 seconds
Domain Reload Profiling:
	ReloadAssembly (1057ms)
		BeginReloadAssembly (141ms)
			ExecutionOrderSort (0ms)
			DisableScriptedObjects (7ms)
			BackupInstance (0ms)
			ReleaseScriptingObjects (0ms)
			CreateAndSetChildDomain (39ms)
		EndReloadAssembly (799ms)
			LoadAssemblies (86ms)
			RebuildTransferFunctionScriptingTraits (0ms)
			SetupTypeCache (294ms)
			ReleaseScriptCaches (1ms)
			RebuildScriptCaches (42ms)
			SetupLoadedEditorAssemblies (331ms)
				LogAssemblyErrors (0ms)
				InitializePlatformSupportModulesInManaged (12ms)
				SetLoadedEditorAssemblies (1ms)
				RefreshPlugins (1ms)
				BeforeProcessingInitializeOnLoad (60ms)
				ProcessInitializeOnLoadAttributes (231ms)
				ProcessInitializeOnLoadMethodAttributes (23ms)
				AfterProcessingInitializeOnLoad (4ms)
				EditorAssembliesLoaded (0ms)
			ExecutionOrderSort2 (0ms)
			AwakeInstancesAfterBackupRestoration (7ms)
Platform modules already initialized, skipping
Refreshing native plugins compatible for Editor in 1.71 ms, found 3 plugins.
Preloading 0 native plugins for Editor in 0.00 ms.
Unloading 3053 Unused Serialized files (Serialized files now loaded: 0)
Unloading 20 unused Assets / (80.3 KB). Loaded Objects now: 3522.
Memory consumption went from 107.7 MB to 107.7 MB.
Total: 2.947200 ms (FindLiveObjects: 0.228900 ms CreateObjectMapping: 0.072800 ms MarkObjects: 2.548100 ms  DeleteObjects: 0.096400 ms)

AssetImportParameters requested are different than current active one (requested -> active):
  custom:video-decoder-ogg-theora: a1e56fd34408186e4bbccfd4996cb3dc -> 
  custom:container-muxer-webm: aa71ff27fc2769a1b78a27578f13a17b -> 
  custom:container-demuxer-webm: 4f35f7cbe854078d1ac9338744f61a02 -> 
  custom:video-encoder-webm-vp8: eb34c28f22e8b96e1ab97ce403110664 -> 
  custom:audio-encoder-webm-vorbis: bf7c407c2cedff20999df2af8eb42d56 -> 
  custom:framework-win-MediaFoundation: 216162199b28c13a410421893ffa2e32 -> 
  custom:container-demuxer-ogg: 62fdf1f143b41e24485cea50d1cbac27 -> 
  custom:video-decoder-webm-vp8: 9c59270c3fd7afecdb556c50c9e8de78 -> 
  custom:audio-decoder-ogg-vorbis: bf7c407c2cedff20999df2af8eb42d56 -> 
========================================================================
Received Import Request.
  Time since last request: 43.775019 seconds.
  path: Assets/UnityMulti/Scripts/UnityMultiRoomSettings.cs
  artifactKey: Guid(ded035f9c72fcab4dbd73cb98b7778b3) Importer(815301076,1909f56bfc062723c751e8b465ee728b)
Start importing Assets/UnityMulti/Scripts/UnityMultiRoomSettings.cs using Guid(ded035f9c72fcab4dbd73cb98b7778b3) Importer(815301076,1909f56bfc062723c751e8b465ee728b)  -> (artifact id: '62462acc06d35cbea61c34c94e062d7d') in 0.012211 seconds 
========================================================================
Received Prepare
Registering precompiled user dll's ...
Registered in 0.006398 seconds.
Begin MonoManager ReloadAssembly
Symbol file LoadedFromMemory doesn't match image E:\Inzynierka_v1\UnityMulti\Client\Library\PackageCache\com.unity.visualscripting@1.8.0\Editor\VisualScripting.Core\Dependencies\YamlDotNet\Unity.VisualScripting.YamlDotNet.dll
Symbol file LoadedFromMemory doesn't match image E:\Inzynierka_v1\UnityMulti\Client\Library\PackageCache\com.unity.visualscripting@1.8.0\Editor\VisualScripting.Core\Dependencies\DotNetZip\Unity.VisualScripting.IonicZip.dll
Native extension for WindowsStandalone target not found
Refreshing native plugins compatible for Editor in 0.63 ms, found 3 plugins.
Preloading 0 native plugins for Editor in 0.00 ms.
Mono: successfully reloaded assembly
- Completed reload, in  1.057 seconds
Domain Reload Profiling:
	ReloadAssembly (1058ms)
		BeginReloadAssembly (143ms)
			ExecutionOrderSort (0ms)
			DisableScriptedObjects (7ms)
			BackupInstance (0ms)
			ReleaseScriptingObjects (0ms)
			CreateAndSetChildDomain (39ms)
		EndReloadAssembly (805ms)
			LoadAssemblies (87ms)
			RebuildTransferFunctionScriptingTraits (0ms)
			SetupTypeCache (305ms)
			ReleaseScriptCaches (1ms)
			RebuildScriptCaches (43ms)
			SetupLoadedEditorAssemblies (325ms)
				LogAssemblyErrors (0ms)
				InitializePlatformSupportModulesInManaged (15ms)
				SetLoadedEditorAssemblies (1ms)
				RefreshPlugins (1ms)
				BeforeProcessingInitializeOnLoad (60ms)
				ProcessInitializeOnLoadAttributes (223ms)
				ProcessInitializeOnLoadMethodAttributes (21ms)
				AfterProcessingInitializeOnLoad (4ms)
				EditorAssembliesLoaded (0ms)
			ExecutionOrderSort2 (0ms)
			AwakeInstancesAfterBackupRestoration (8ms)
Platform modules already initialized, skipping
Refreshing native plugins compatible for Editor in 1.65 ms, found 3 plugins.
Preloading 0 native plugins for Editor in 0.00 ms.
Unloading 3054 Unused Serialized files (Serialized files now loaded: 0)
Unloading 19 unused Assets / (80.2 KB). Loaded Objects now: 3526.
Memory consumption went from 107.8 MB to 107.7 MB.
Total: 2.907300 ms (FindLiveObjects: 0.223800 ms CreateObjectMapping: 0.071400 ms MarkObjects: 2.530300 ms  DeleteObjects: 0.080800 ms)

AssetImportParameters requested are different than current active one (requested -> active):
  custom:video-decoder-ogg-theora: a1e56fd34408186e4bbccfd4996cb3dc -> 
  custom:container-muxer-webm: aa71ff27fc2769a1b78a27578f13a17b -> 
  custom:container-demuxer-webm: 4f35f7cbe854078d1ac9338744f61a02 -> 
  custom:video-encoder-webm-vp8: eb34c28f22e8b96e1ab97ce403110664 -> 
  custom:audio-encoder-webm-vorbis: bf7c407c2cedff20999df2af8eb42d56 -> 
  custom:framework-win-MediaFoundation: 216162199b28c13a410421893ffa2e32 -> 
  custom:container-demuxer-ogg: 62fdf1f143b41e24485cea50d1cbac27 -> 
  custom:video-decoder-webm-vp8: 9c59270c3fd7afecdb556c50c9e8de78 -> 
  custom:audio-decoder-ogg-vorbis: bf7c407c2cedff20999df2af8eb42d56 -> 
========================================================================
Received Import Request.
  Time since last request: 15.526026 seconds.
  path: Assets/UnityMulti/Scripts/UnityMultiRoomSettings.cs
  artifactKey: Guid(ded035f9c72fcab4dbd73cb98b7778b3) Importer(815301076,1909f56bfc062723c751e8b465ee728b)
Start importing Assets/UnityMulti/Scripts/UnityMultiRoomSettings.cs using Guid(ded035f9c72fcab4dbd73cb98b7778b3) Importer(815301076,1909f56bfc062723c751e8b465ee728b)  -> (artifact id: 'e82017ba5334d7844e093eb05e07f647') in 0.007762 seconds 
========================================================================
Received Import Request.
  Time since last request: 18.279811 seconds.
  path: Assets/UnityMulti/Scripts/UnityMultiRoomSettings.cs
  artifactKey: Guid(ded035f9c72fcab4dbd73cb98b7778b3) Importer(815301076,1909f56bfc062723c751e8b465ee728b)
Start importing Assets/UnityMulti/Scripts/UnityMultiRoomSettings.cs using Guid(ded035f9c72fcab4dbd73cb98b7778b3) Importer(815301076,1909f56bfc062723c751e8b465ee728b)  -> (artifact id: '54ea1fa1ed67775940f2351fb44d1a3f') in 0.001887 seconds 
========================================================================
Received Import Request.
  Time since last request: 27.590298 seconds.
  path: Assets/UnityMulti/Scripts/UnityMultiRoomSettings.cs
  artifactKey: Guid(ded035f9c72fcab4dbd73cb98b7778b3) Importer(815301076,1909f56bfc062723c751e8b465ee728b)
Start importing Assets/UnityMulti/Scripts/UnityMultiRoomSettings.cs using Guid(ded035f9c72fcab4dbd73cb98b7778b3) Importer(815301076,1909f56bfc062723c751e8b465ee728b)  -> (artifact id: '159813c54a86c7ab87a8c0bf1a22fcb9') in 0.001768 seconds 
========================================================================
Received Import Request.
  Time since last request: 26.667352 seconds.
  path: Assets/UnityMulti/Scripts/UnityMultiRoomSettings.cs
  artifactKey: Guid(ded035f9c72fcab4dbd73cb98b7778b3) Importer(815301076,1909f56bfc062723c751e8b465ee728b)
Start importing Assets/UnityMulti/Scripts/UnityMultiRoomSettings.cs using Guid(ded035f9c72fcab4dbd73cb98b7778b3) Importer(815301076,1909f56bfc062723c751e8b465ee728b)  -> (artifact id: '1d99596ccd95599d56a786c71c5fb900') in 0.001932 seconds 
========================================================================
Received Import Request.
  Time since last request: 2.414455 seconds.
  path: Assets/UnityMulti/Scripts/UnityMultiRoomSettings.cs
  artifactKey: Guid(ded035f9c72fcab4dbd73cb98b7778b3) Importer(815301076,1909f56bfc062723c751e8b465ee728b)
Start importing Assets/UnityMulti/Scripts/UnityMultiRoomSettings.cs using Guid(ded035f9c72fcab4dbd73cb98b7778b3) Importer(815301076,1909f56bfc062723c751e8b465ee728b)  -> (artifact id: 'dd078ef7151eee49c8bed65410314ade') in 0.001969 seconds 
========================================================================
Received Import Request.
  Time since last request: 17.843022 seconds.
  path: Assets/UnityMulti/Scripts/UnityMultiRoomSettings.cs
  artifactKey: Guid(ded035f9c72fcab4dbd73cb98b7778b3) Importer(815301076,1909f56bfc062723c751e8b465ee728b)
Start importing Assets/UnityMulti/Scripts/UnityMultiRoomSettings.cs using Guid(ded035f9c72fcab4dbd73cb98b7778b3) Importer(815301076,1909f56bfc062723c751e8b465ee728b)  -> (artifact id: '5c98907481f8a896a14fada3d41f870d') in 0.002037 seconds 
========================================================================
Received Import Request.
  Time since last request: 302.178023 seconds.
  path: Assets/UnityMulti/Scripts/UnityMultiRoomSettings.cs
  artifactKey: Guid(ded035f9c72fcab4dbd73cb98b7778b3) Importer(815301076,1909f56bfc062723c751e8b465ee728b)
Start importing Assets/UnityMulti/Scripts/UnityMultiRoomSettings.cs using Guid(ded035f9c72fcab4dbd73cb98b7778b3) Importer(815301076,1909f56bfc062723c751e8b465ee728b)  -> (artifact id: '87025811d008998a722d7099e50f2354') in 0.002062 seconds 
========================================================================
Received Import Request.
  Time since last request: 46.306067 seconds.
  path: Assets/UnityMulti/Scripts/UnityMultiRoomSettings.cs
  artifactKey: Guid(ded035f9c72fcab4dbd73cb98b7778b3) Importer(815301076,1909f56bfc062723c751e8b465ee728b)
Start importing Assets/UnityMulti/Scripts/UnityMultiRoomSettings.cs using Guid(ded035f9c72fcab4dbd73cb98b7778b3) Importer(815301076,1909f56bfc062723c751e8b465ee728b)  -> (artifact id: '2df62be9e784d4a4ecd6949877ffaf10') in 0.002159 seconds 
========================================================================
Received Import Request.
  Time since last request: 3.210725 seconds.
  path: Assets/UnityMulti/Scripts/UnityMultiRoomSettings.cs
  artifactKey: Guid(ded035f9c72fcab4dbd73cb98b7778b3) Importer(815301076,1909f56bfc062723c751e8b465ee728b)
Start importing Assets/UnityMulti/Scripts/UnityMultiRoomSettings.cs using Guid(ded035f9c72fcab4dbd73cb98b7778b3) Importer(815301076,1909f56bfc062723c751e8b465ee728b)  -> (artifact id: '825a456378845c8732a0145076a1f288') in 0.001877 seconds 
========================================================================
Received Import Request.
  Time since last request: 32.610576 seconds.
  path: Assets/UnityMulti/Scripts/UnityMultiRoomSettings.cs
  artifactKey: Guid(ded035f9c72fcab4dbd73cb98b7778b3) Importer(815301076,1909f56bfc062723c751e8b465ee728b)
Start importing Assets/UnityMulti/Scripts/UnityMultiRoomSettings.cs using Guid(ded035f9c72fcab4dbd73cb98b7778b3) Importer(815301076,1909f56bfc062723c751e8b465ee728b)  -> (artifact id: 'bb12b4665b8f90dc359d5fd0e2603213') in 0.002292 seconds 
========================================================================
Received Import Request.
  Time since last request: 21.962666 seconds.
  path: Assets/UnityMulti/Scripts/UnityMultiRoomSettings.cs
  artifactKey: Guid(ded035f9c72fcab4dbd73cb98b7778b3) Importer(815301076,1909f56bfc062723c751e8b465ee728b)
Start importing Assets/UnityMulti/Scripts/UnityMultiRoomSettings.cs using Guid(ded035f9c72fcab4dbd73cb98b7778b3) Importer(815301076,1909f56bfc062723c751e8b465ee728b)  -> (artifact id: 'a678be6462e3c5e21f95937da933e98f') in 0.001713 seconds 
========================================================================
Received Import Request.
  Time since last request: 27.345920 seconds.
  path: Assets/UnityMulti/Scripts/UnityMultiRoomSettings.cs
  artifactKey: Guid(ded035f9c72fcab4dbd73cb98b7778b3) Importer(815301076,1909f56bfc062723c751e8b465ee728b)
Start importing Assets/UnityMulti/Scripts/UnityMultiRoomSettings.cs using Guid(ded035f9c72fcab4dbd73cb98b7778b3) Importer(815301076,1909f56bfc062723c751e8b465ee728b)  -> (artifact id: 'fc1d83125dbfb05092083a629ba877a9') in 0.001927 seconds 
========================================================================
Received Import Request.
  Time since last request: 17.782195 seconds.
  path: Assets/UnityMulti/Scripts/UnityMultiRoomSettings.cs
  artifactKey: Guid(ded035f9c72fcab4dbd73cb98b7778b3) Importer(815301076,1909f56bfc062723c751e8b465ee728b)
Start importing Assets/UnityMulti/Scripts/UnityMultiRoomSettings.cs using Guid(ded035f9c72fcab4dbd73cb98b7778b3) Importer(815301076,1909f56bfc062723c751e8b465ee728b)  -> (artifact id: '5d597b41234e1f8a1408f8d74700f48b') in 0.001980 seconds 
========================================================================
Received Prepare
Registering precompiled user dll's ...
Registered in 0.008513 seconds.
