Using pre-set license
Built from '2021.3/staging' branch; Version is '2021.3.19f1 (c9714fde33b6) revision 13201743'; Using compiler version '192829333'; Build Type 'Release'
OS: 'Windows 10  (10.0.19045) 64bit Professional' Language: 'pl' Physical Memory: 16335 MB
BatchMode: 1, IsHumanControllingUs: 0, StartBugReporterOnCrash: 0, Is64bit: 1, IsPro: 1

COMMAND LINE ARGUMENTS:
E:\Programy\Unity Builds\2021.3.19f1\Editor\Unity.exe
-adb2
-batchMode
-noUpm
-name
AssetImportWorker0
-projectPath
E:/Inzynierka_v1/UnityMulti/Client
-logFile
Logs/AssetImportWorker0.log
-srvPort
52910
Successfully changed project path to: E:/Inzynierka_v1/UnityMulti/Client
E:/Inzynierka_v1/UnityMulti/Client
[UnityMemory] Configuration Parameters - Can be set up in boot.config
    "memorysetup-bucket-allocator-granularity=16"
    "memorysetup-bucket-allocator-bucket-count=8"
    "memorysetup-bucket-allocator-block-size=33554432"
    "memorysetup-bucket-allocator-block-count=8"
    "memorysetup-main-allocator-block-size=16777216"
    "memorysetup-thread-allocator-block-size=16777216"
    "memorysetup-gfx-main-allocator-block-size=16777216"
    "memorysetup-gfx-thread-allocator-block-size=16777216"
    "memorysetup-cache-allocator-block-size=4194304"
    "memorysetup-typetree-allocator-block-size=2097152"
    "memorysetup-profiler-bucket-allocator-granularity=16"
    "memorysetup-profiler-bucket-allocator-bucket-count=8"
    "memorysetup-profiler-bucket-allocator-block-size=33554432"
    "memorysetup-profiler-bucket-allocator-block-count=8"
    "memorysetup-profiler-allocator-block-size=16777216"
    "memorysetup-profiler-editor-allocator-block-size=1048576"
    "memorysetup-temp-allocator-size-main=16777216"
    "memorysetup-job-temp-allocator-block-size=2097152"
    "memorysetup-job-temp-allocator-block-size-background=1048576"
    "memorysetup-job-temp-allocator-reduction-small-platforms=262144"
    "memorysetup-temp-allocator-size-background-worker=32768"
    "memorysetup-temp-allocator-size-job-worker=262144"
    "memorysetup-temp-allocator-size-preload-manager=33554432"
    "memorysetup-temp-allocator-size-nav-mesh-worker=65536"
    "memorysetup-temp-allocator-size-audio-worker=65536"
    "memorysetup-temp-allocator-size-cloud-worker=32768"
    "memorysetup-temp-allocator-size-gi-baking-worker=262144"
    "memorysetup-temp-allocator-size-gfx=262144"
Player connection [12000] Host "[IP] 192.168.0.12 [Port] 0 [Flags] 2 [Guid] 491495565 [EditorId] 491495565 [Version] 1048832 [Id] WindowsEditor(7,DESKTOP-R6PSRI6) [Debug] 1 [PackageName] WindowsEditor [ProjectName] Editor" joined multi-casting on [225.0.0.222:54997]...

Player connection [12000] Host "[IP] 192.168.0.12 [Port] 0 [Flags] 2 [Guid] 491495565 [EditorId] 491495565 [Version] 1048832 [Id] WindowsEditor(7,DESKTOP-R6PSRI6) [Debug] 1 [PackageName] WindowsEditor [ProjectName] Editor" joined alternative multi-casting on [225.0.0.222:34997]...

Refreshing native plugins compatible for Editor in 126.36 ms, found 3 plugins.
Preloading 0 native plugins for Editor in 0.00 ms.
Initialize engine version: 2021.3.19f1 (c9714fde33b6)
[Subsystems] Discovering subsystems at path E:/Programy/Unity Builds/2021.3.19f1/Editor/Data/Resources/UnitySubsystems
[Subsystems] Discovering subsystems at path E:/Inzynierka_v1/UnityMulti/Client/Assets
GfxDevice: creating device client; threaded=0; jobified=0
Direct3D:
    Version:  Direct3D 11.0 [level 11.1]
    Renderer: Radeon RX 580 Series (ID=0x67df)
    Vendor:   ATI
    VRAM:     8170 MB
    Driver:   31.0.14033.1012
Initialize mono
Mono path[0] = 'E:/Programy/Unity Builds/2021.3.19f1/Editor/Data/Managed'
Mono path[1] = 'E:/Programy/Unity Builds/2021.3.19f1/Editor/Data/MonoBleedingEdge/lib/mono/unityjit-win32'
Mono config path = 'E:/Programy/Unity Builds/2021.3.19f1/Editor/Data/MonoBleedingEdge/etc'
Using monoOptions --debugger-agent=transport=dt_socket,embedding=1,server=y,suspend=n,address=127.0.0.1:56556
Begin MonoManager ReloadAssembly
Registering precompiled unity dll's ...
Register platform support module: E:/Programy/Unity Builds/2021.3.19f1/Editor/Data/PlaybackEngines/WindowsStandaloneSupport/UnityEditor.WindowsStandalone.Extensions.dll
Registered in 0.004507 seconds.
Native extension for WindowsStandalone target not found
Refreshing native plugins compatible for Editor in 133.90 ms, found 3 plugins.
Preloading 0 native plugins for Editor in 0.00 ms.
Mono: successfully reloaded assembly
- Completed reload, in  1.096 seconds
Domain Reload Profiling:
	ReloadAssembly (1096ms)
		BeginReloadAssembly (158ms)
			ExecutionOrderSort (0ms)
			DisableScriptedObjects (0ms)
			BackupInstance (0ms)
			ReleaseScriptingObjects (0ms)
			CreateAndSetChildDomain (1ms)
		EndReloadAssembly (767ms)
			LoadAssemblies (156ms)
			RebuildTransferFunctionScriptingTraits (0ms)
			SetupTypeCache (218ms)
			ReleaseScriptCaches (0ms)
			RebuildScriptCaches (39ms)
			SetupLoadedEditorAssemblies (437ms)
				LogAssemblyErrors (0ms)
				InitializePlatformSupportModulesInManaged (9ms)
				SetLoadedEditorAssemblies (0ms)
				RefreshPlugins (134ms)
				BeforeProcessingInitializeOnLoad (2ms)
				ProcessInitializeOnLoadAttributes (223ms)
				ProcessInitializeOnLoadMethodAttributes (68ms)
				AfterProcessingInitializeOnLoad (0ms)
				EditorAssembliesLoaded (0ms)
			ExecutionOrderSort2 (0ms)
			AwakeInstancesAfterBackupRestoration (0ms)
Platform modules already initialized, skipping
Registering precompiled user dll's ...
Registered in 0.005739 seconds.
Begin MonoManager ReloadAssembly
Symbol file LoadedFromMemory doesn't match image E:\Inzynierka_v1\UnityMulti\Client\Library\PackageCache\com.unity.visualscripting@1.8.0\Editor\VisualScripting.Core\Dependencies\YamlDotNet\Unity.VisualScripting.YamlDotNet.dll
Symbol file LoadedFromMemory doesn't match image E:\Inzynierka_v1\UnityMulti\Client\Library\PackageCache\com.unity.visualscripting@1.8.0\Editor\VisualScripting.Core\Dependencies\DotNetZip\Unity.VisualScripting.IonicZip.dll
Native extension for WindowsStandalone target not found
Refreshing native plugins compatible for Editor in 0.75 ms, found 3 plugins.
Preloading 0 native plugins for Editor in 0.00 ms.
Mono: successfully reloaded assembly
- Completed reload, in  1.685 seconds
Domain Reload Profiling:
	ReloadAssembly (1687ms)
		BeginReloadAssembly (184ms)
			ExecutionOrderSort (0ms)
			DisableScriptedObjects (11ms)
			BackupInstance (0ms)
			ReleaseScriptingObjects (0ms)
			CreateAndSetChildDomain (26ms)
		EndReloadAssembly (1288ms)
			LoadAssemblies (135ms)
			RebuildTransferFunctionScriptingTraits (0ms)
			SetupTypeCache (535ms)
			ReleaseScriptCaches (1ms)
			RebuildScriptCaches (94ms)
			SetupLoadedEditorAssemblies (473ms)
				LogAssemblyErrors (0ms)
				InitializePlatformSupportModulesInManaged (9ms)
				SetLoadedEditorAssemblies (1ms)
				RefreshPlugins (1ms)
				BeforeProcessingInitializeOnLoad (93ms)
				ProcessInitializeOnLoadAttributes (333ms)
				ProcessInitializeOnLoadMethodAttributes (29ms)
				AfterProcessingInitializeOnLoad (7ms)
				EditorAssembliesLoaded (0ms)
			ExecutionOrderSort2 (0ms)
			AwakeInstancesAfterBackupRestoration (10ms)
Platform modules already initialized, skipping
========================================================================
Worker process is ready to serve import requests
Launched and connected shader compiler UnityShaderCompiler.exe after 0.07 seconds
Refreshing native plugins compatible for Editor in 1.15 ms, found 3 plugins.
Preloading 0 native plugins for Editor in 0.00 ms.
Unloading 3059 Unused Serialized files (Serialized files now loaded: 0)
Unloading 26 unused Assets / (113.7 KB). Loaded Objects now: 3517.
Memory consumption went from 107.9 MB to 107.8 MB.
Total: 4.660400 ms (FindLiveObjects: 0.304700 ms CreateObjectMapping: 0.106900 ms MarkObjects: 4.083700 ms  DeleteObjects: 0.163600 ms)

AssetImportParameters requested are different than current active one (requested -> active):
  custom:video-decoder-ogg-theora: a1e56fd34408186e4bbccfd4996cb3dc -> 
  custom:container-muxer-webm: aa71ff27fc2769a1b78a27578f13a17b -> 
  custom:container-demuxer-webm: 4f35f7cbe854078d1ac9338744f61a02 -> 
  custom:video-encoder-webm-vp8: eb34c28f22e8b96e1ab97ce403110664 -> 
  custom:audio-encoder-webm-vorbis: bf7c407c2cedff20999df2af8eb42d56 -> 
  custom:framework-win-MediaFoundation: 216162199b28c13a410421893ffa2e32 -> 
  custom:container-demuxer-ogg: 62fdf1f143b41e24485cea50d1cbac27 -> 
  custom:video-decoder-webm-vp8: 9c59270c3fd7afecdb556c50c9e8de78 -> 
  custom:audio-decoder-ogg-vorbis: bf7c407c2cedff20999df2af8eb42d56 -> 
========================================================================
Received Import Request.
  Time since last request: 314023.623085 seconds.
  path: Assets/UnityMulti/Scripts/UnityMultiRoomSettings.cs
  artifactKey: Guid(ded035f9c72fcab4dbd73cb98b7778b3) Importer(815301076,1909f56bfc062723c751e8b465ee728b)
Start importing Assets/UnityMulti/Scripts/UnityMultiRoomSettings.cs using Guid(ded035f9c72fcab4dbd73cb98b7778b3) Importer(815301076,1909f56bfc062723c751e8b465ee728b)  -> (artifact id: '138eaf40febec76ce8ef6e129c2c75c5') in 0.067269 seconds 
========================================================================
Received Import Request.
  Time since last request: 268.618152 seconds.
  path: Assets/UnityMulti/Scripts/UnityMultiRoomSettings.cs
  artifactKey: Guid(ded035f9c72fcab4dbd73cb98b7778b3) Importer(815301076,1909f56bfc062723c751e8b465ee728b)
Start importing Assets/UnityMulti/Scripts/UnityMultiRoomSettings.cs using Guid(ded035f9c72fcab4dbd73cb98b7778b3) Importer(815301076,1909f56bfc062723c751e8b465ee728b)  -> (artifact id: 'e5a481b2a5a97c4490a59ce889486691') in 0.002149 seconds 
========================================================================
Received Import Request.
  Time since last request: 6.269679 seconds.
  path: Assets/UnityMulti/Scripts/UnityMultiRoomSettings.cs
  artifactKey: Guid(ded035f9c72fcab4dbd73cb98b7778b3) Importer(815301076,1909f56bfc062723c751e8b465ee728b)
Start importing Assets/UnityMulti/Scripts/UnityMultiRoomSettings.cs using Guid(ded035f9c72fcab4dbd73cb98b7778b3) Importer(815301076,1909f56bfc062723c751e8b465ee728b)  -> (artifact id: '7c6b43c96a6233c34cc7bf35ea43e0cc') in 0.002842 seconds 
========================================================================
Received Import Request.
  Time since last request: 155.164314 seconds.
  path: Assets/UnityMulti/Scripts/UnityMultiRoomSettings.cs
  artifactKey: Guid(ded035f9c72fcab4dbd73cb98b7778b3) Importer(815301076,1909f56bfc062723c751e8b465ee728b)
Start importing Assets/UnityMulti/Scripts/UnityMultiRoomSettings.cs using Guid(ded035f9c72fcab4dbd73cb98b7778b3) Importer(815301076,1909f56bfc062723c751e8b465ee728b)  -> (artifact id: '67c596091d7a516f9b950c3ce6b6c2c4') in 0.002250 seconds 
========================================================================
Received Import Request.
  Time since last request: 27.369993 seconds.
  path: Assets/UnityMulti/Scripts/UnityMultiRoomSettings.cs
  artifactKey: Guid(ded035f9c72fcab4dbd73cb98b7778b3) Importer(815301076,1909f56bfc062723c751e8b465ee728b)
Start importing Assets/UnityMulti/Scripts/UnityMultiRoomSettings.cs using Guid(ded035f9c72fcab4dbd73cb98b7778b3) Importer(815301076,1909f56bfc062723c751e8b465ee728b)  -> (artifact id: '575f343c7fbbf69bc8f4d9c467ec1ebd') in 0.002354 seconds 
========================================================================
Received Import Request.
  Time since last request: 22.188890 seconds.
  path: Assets/UnityMulti/Scripts/UnityMultiRoomSettings.cs
  artifactKey: Guid(ded035f9c72fcab4dbd73cb98b7778b3) Importer(815301076,1909f56bfc062723c751e8b465ee728b)
Start importing Assets/UnityMulti/Scripts/UnityMultiRoomSettings.cs using Guid(ded035f9c72fcab4dbd73cb98b7778b3) Importer(815301076,1909f56bfc062723c751e8b465ee728b)  -> (artifact id: '285a8edbd30826c2ed99afcff70b2de9') in 0.002175 seconds 
========================================================================
Received Import Request.
  Time since last request: 18.885833 seconds.
  path: Assets/UnityMulti/Scripts/UnityMultiRoomSettings.cs
  artifactKey: Guid(ded035f9c72fcab4dbd73cb98b7778b3) Importer(815301076,1909f56bfc062723c751e8b465ee728b)
Start importing Assets/UnityMulti/Scripts/UnityMultiRoomSettings.cs using Guid(ded035f9c72fcab4dbd73cb98b7778b3) Importer(815301076,1909f56bfc062723c751e8b465ee728b)  -> (artifact id: 'd6f6241d9997d95ea0e1ce08ff1488df') in 0.002094 seconds 
========================================================================
Received Import Request.
  Time since last request: 212.870079 seconds.
  path: Assets/UnityMulti/Scripts/UnityMultiRoomSettings.cs
  artifactKey: Guid(ded035f9c72fcab4dbd73cb98b7778b3) Importer(815301076,1909f56bfc062723c751e8b465ee728b)
Start importing Assets/UnityMulti/Scripts/UnityMultiRoomSettings.cs using Guid(ded035f9c72fcab4dbd73cb98b7778b3) Importer(815301076,1909f56bfc062723c751e8b465ee728b)  -> (artifact id: '24bb73a45b70c5838f906cd21cfd1fbf') in 0.002714 seconds 
========================================================================
Received Import Request.
  Time since last request: 13.780799 seconds.
  path: Assets/UnityMulti/Scripts/UnityMultiRoomSettings.cs
  artifactKey: Guid(ded035f9c72fcab4dbd73cb98b7778b3) Importer(815301076,1909f56bfc062723c751e8b465ee728b)
Start importing Assets/UnityMulti/Scripts/UnityMultiRoomSettings.cs using Guid(ded035f9c72fcab4dbd73cb98b7778b3) Importer(815301076,1909f56bfc062723c751e8b465ee728b)  -> (artifact id: 'c32185a6c7ba7ec7b553bf376192873f') in 0.002060 seconds 
========================================================================
Received Import Request.
  Time since last request: 6.922605 seconds.
  path: Assets/UnityMulti/Scripts/UnityMultiRoomSettings.cs
  artifactKey: Guid(ded035f9c72fcab4dbd73cb98b7778b3) Importer(815301076,1909f56bfc062723c751e8b465ee728b)
Start importing Assets/UnityMulti/Scripts/UnityMultiRoomSettings.cs using Guid(ded035f9c72fcab4dbd73cb98b7778b3) Importer(815301076,1909f56bfc062723c751e8b465ee728b)  -> (artifact id: '8ab39670ec2c0bbdc522a3680c1f259d') in 0.002210 seconds 
========================================================================
Received Import Request.
  Time since last request: 150.492130 seconds.
  path: Assets/UnityMulti/Scripts/UnityMultiRoomSettings.cs
  artifactKey: Guid(ded035f9c72fcab4dbd73cb98b7778b3) Importer(815301076,1909f56bfc062723c751e8b465ee728b)
Start importing Assets/UnityMulti/Scripts/UnityMultiRoomSettings.cs using Guid(ded035f9c72fcab4dbd73cb98b7778b3) Importer(815301076,1909f56bfc062723c751e8b465ee728b)  -> (artifact id: 'b3f2cfb200de30da906e3e93b6a16b60') in 0.001858 seconds 
========================================================================
Received Import Request.
  Time since last request: 22.395029 seconds.
  path: Assets/UnityMulti/Scripts/UnityMultiRoomSettings.cs
  artifactKey: Guid(ded035f9c72fcab4dbd73cb98b7778b3) Importer(815301076,1909f56bfc062723c751e8b465ee728b)
Start importing Assets/UnityMulti/Scripts/UnityMultiRoomSettings.cs using Guid(ded035f9c72fcab4dbd73cb98b7778b3) Importer(815301076,1909f56bfc062723c751e8b465ee728b)  -> (artifact id: '6668915d019baac29ff1ee4407f8beca') in 0.002044 seconds 
========================================================================
Received Import Request.
  Time since last request: 29.133950 seconds.
  path: Assets/UnityMulti/Scripts/UnityMultiRoomSettings.cs
  artifactKey: Guid(ded035f9c72fcab4dbd73cb98b7778b3) Importer(815301076,1909f56bfc062723c751e8b465ee728b)
Start importing Assets/UnityMulti/Scripts/UnityMultiRoomSettings.cs using Guid(ded035f9c72fcab4dbd73cb98b7778b3) Importer(815301076,1909f56bfc062723c751e8b465ee728b)  -> (artifact id: '8e607e0ed6d6ab45fdb69b1b11401480') in 0.002245 seconds 
========================================================================
Received Import Request.
  Time since last request: 136.336985 seconds.
  path: Assets/UnityMulti/Scripts/UnityMultiRoomSettings.cs
  artifactKey: Guid(ded035f9c72fcab4dbd73cb98b7778b3) Importer(815301076,1909f56bfc062723c751e8b465ee728b)
Start importing Assets/UnityMulti/Scripts/UnityMultiRoomSettings.cs using Guid(ded035f9c72fcab4dbd73cb98b7778b3) Importer(815301076,1909f56bfc062723c751e8b465ee728b)  -> (artifact id: '125a9add54c1afad809ccf1b3c91bd22') in 0.002161 seconds 
========================================================================
Received Import Request.
  Time since last request: 5.634703 seconds.
  path: Assets/UnityMulti/Scripts/UnityMultiRoomSettings.cs
  artifactKey: Guid(ded035f9c72fcab4dbd73cb98b7778b3) Importer(815301076,1909f56bfc062723c751e8b465ee728b)
Start importing Assets/UnityMulti/Scripts/UnityMultiRoomSettings.cs using Guid(ded035f9c72fcab4dbd73cb98b7778b3) Importer(815301076,1909f56bfc062723c751e8b465ee728b)  -> (artifact id: '7567717985d8efe908f513805ae34f5b') in 0.002926 seconds 
========================================================================
Received Import Request.
  Time since last request: 234.156467 seconds.
  path: Assets/UnityMulti/Scripts/UnityMultiRoomSettings.cs
  artifactKey: Guid(ded035f9c72fcab4dbd73cb98b7778b3) Importer(815301076,1909f56bfc062723c751e8b465ee728b)
Start importing Assets/UnityMulti/Scripts/UnityMultiRoomSettings.cs using Guid(ded035f9c72fcab4dbd73cb98b7778b3) Importer(815301076,1909f56bfc062723c751e8b465ee728b)  -> (artifact id: 'cac4b8a63252c03cff387b6e2e45d721') in 0.002420 seconds 
========================================================================
Received Import Request.
  Time since last request: 26.922122 seconds.
  path: Assets/UnityMulti/Scripts/UnityMultiRoomSettings.cs
  artifactKey: Guid(ded035f9c72fcab4dbd73cb98b7778b3) Importer(815301076,1909f56bfc062723c751e8b465ee728b)
Start importing Assets/UnityMulti/Scripts/UnityMultiRoomSettings.cs using Guid(ded035f9c72fcab4dbd73cb98b7778b3) Importer(815301076,1909f56bfc062723c751e8b465ee728b)  -> (artifact id: '207871c38529a81ba4a867eb5bc9adf1') in 0.002339 seconds 
========================================================================
Received Import Request.
  Time since last request: 8.341007 seconds.
  path: Assets/UnityMulti/Scripts/UnityMultiRoomSettings.cs
  artifactKey: Guid(ded035f9c72fcab4dbd73cb98b7778b3) Importer(815301076,1909f56bfc062723c751e8b465ee728b)
Start importing Assets/UnityMulti/Scripts/UnityMultiRoomSettings.cs using Guid(ded035f9c72fcab4dbd73cb98b7778b3) Importer(815301076,1909f56bfc062723c751e8b465ee728b)  -> (artifact id: '0110a006ca3451c508f88f625093f4d0') in 0.002406 seconds 
========================================================================
Received Import Request.
  Time since last request: 13.172253 seconds.
  path: Assets/UnityMulti/Scripts/UnityMultiRoomSettings.cs
  artifactKey: Guid(ded035f9c72fcab4dbd73cb98b7778b3) Importer(815301076,1909f56bfc062723c751e8b465ee728b)
Start importing Assets/UnityMulti/Scripts/UnityMultiRoomSettings.cs using Guid(ded035f9c72fcab4dbd73cb98b7778b3) Importer(815301076,1909f56bfc062723c751e8b465ee728b)  -> (artifact id: '49967bc0bfc2a5d46fc1272d8d42c67d') in 0.002206 seconds 
========================================================================
Received Import Request.
  Time since last request: 3.792143 seconds.
  path: Assets/UnityMulti/Scripts/UnityMultiRoomSettings.cs
  artifactKey: Guid(ded035f9c72fcab4dbd73cb98b7778b3) Importer(815301076,1909f56bfc062723c751e8b465ee728b)
Start importing Assets/UnityMulti/Scripts/UnityMultiRoomSettings.cs using Guid(ded035f9c72fcab4dbd73cb98b7778b3) Importer(815301076,1909f56bfc062723c751e8b465ee728b)  -> (artifact id: '8ca4a100f22004a2cde9578e84144822') in 0.002325 seconds 
========================================================================
Received Import Request.
  Time since last request: 40.151340 seconds.
  path: Assets/UnityMulti/Scripts/UnityMultiRoomSettings.cs
  artifactKey: Guid(ded035f9c72fcab4dbd73cb98b7778b3) Importer(815301076,1909f56bfc062723c751e8b465ee728b)
Start importing Assets/UnityMulti/Scripts/UnityMultiRoomSettings.cs using Guid(ded035f9c72fcab4dbd73cb98b7778b3) Importer(815301076,1909f56bfc062723c751e8b465ee728b)  -> (artifact id: '893819478e751a82de29c7448de7c0b4') in 0.002257 seconds 
========================================================================
Received Import Request.
  Time since last request: 12.494065 seconds.
  path: Assets/UnityMulti/Scripts/UnityMultiRoomSettings.cs
  artifactKey: Guid(ded035f9c72fcab4dbd73cb98b7778b3) Importer(815301076,1909f56bfc062723c751e8b465ee728b)
Start importing Assets/UnityMulti/Scripts/UnityMultiRoomSettings.cs using Guid(ded035f9c72fcab4dbd73cb98b7778b3) Importer(815301076,1909f56bfc062723c751e8b465ee728b)  -> (artifact id: '4b7317484ef8b9bd20361439c51d6d3a') in 0.001975 seconds 
========================================================================
Received Import Request.
  Time since last request: 3.968388 seconds.
  path: Assets/UnityMulti/Scripts/UnityMultiRoomSettings.cs
  artifactKey: Guid(ded035f9c72fcab4dbd73cb98b7778b3) Importer(815301076,1909f56bfc062723c751e8b465ee728b)
Start importing Assets/UnityMulti/Scripts/UnityMultiRoomSettings.cs using Guid(ded035f9c72fcab4dbd73cb98b7778b3) Importer(815301076,1909f56bfc062723c751e8b465ee728b)  -> (artifact id: '3648d680db3128f0e460a3df59b8a4a8') in 0.001968 seconds 
========================================================================
Received Import Request.
  Time since last request: 469.694135 seconds.
  path: Assets/UnityMulti/Scripts/UnityMultiRoomSettings.cs
  artifactKey: Guid(ded035f9c72fcab4dbd73cb98b7778b3) Importer(815301076,1909f56bfc062723c751e8b465ee728b)
Start importing Assets/UnityMulti/Scripts/UnityMultiRoomSettings.cs using Guid(ded035f9c72fcab4dbd73cb98b7778b3) Importer(815301076,1909f56bfc062723c751e8b465ee728b)  -> (artifact id: '62f9bf2af0937ed63d5028763632b3aa') in 0.002475 seconds 
========================================================================
Received Import Request.
  Time since last request: 7.287479 seconds.
  path: Assets/UnityMulti/Scripts/UnityMultiRoomSettings.cs
  artifactKey: Guid(ded035f9c72fcab4dbd73cb98b7778b3) Importer(815301076,1909f56bfc062723c751e8b465ee728b)
Start importing Assets/UnityMulti/Scripts/UnityMultiRoomSettings.cs using Guid(ded035f9c72fcab4dbd73cb98b7778b3) Importer(815301076,1909f56bfc062723c751e8b465ee728b)  -> (artifact id: '2da9d5a995f014afb787bd5854492446') in 0.001951 seconds 
